<?xml version="1.0" encoding="UTF-8"?>
<testng-results skipped="0" failed="0" ignored="0" total="2" passed="2">
  <reporter-output>
  </reporter-output>
  <suite name="Command line suite" duration-ms="413070" started-at="2017-03-14T14:39:32Z" finished-at="2017-03-14T14:46:25Z">
    <groups>
    </groups>
    <test name="Command line test" duration-ms="413070" started-at="2017-03-14T14:39:32Z" finished-at="2017-03-14T14:46:25Z">
      <class name="example1.TestClass">
        <test-method status="PASS" signature="setUp()[pri:0, instance:example1.TestClass@17f6480]" name="setUp" is-config="true" duration-ms="6" started-at="2017-03-14T15:39:32Z" finished-at="2017-03-14T15:39:32Z">
          <reporter-output>
          </reporter-output>
        </test-method> <!-- setUp -->
        <test-method status="PASS" signature="test()[pri:0, instance:example1.TestClass@17f6480]" name="test" duration-ms="167306" started-at="2017-03-14T15:39:32Z" finished-at="2017-03-14T15:42:19Z">
          <reporter-output>
          </reporter-output>
        </test-method> <!-- test -->
      </class> <!-- example1.TestClass -->
      <class name="example1.TestClass2">
        <test-method status="PASS" signature="test()[pri:0, instance:example1.TestClass2@2d6e8792]" name="test" duration-ms="245734" started-at="2017-03-14T15:42:19Z" finished-at="2017-03-14T15:46:25Z">
          <reporter-output>
          </reporter-output>
        </test-method> <!-- test -->
        <test-method status="PASS" signature="setUp()[pri:0, instance:example1.TestClass2@2d6e8792]" name="setUp" is-config="true" duration-ms="0" started-at="2017-03-14T15:42:19Z" finished-at="2017-03-14T15:42:19Z">
          <reporter-output>
          </reporter-output>
        </test-method> <!-- setUp -->
      </class> <!-- example1.TestClass2 -->
    </test> <!-- Command line test -->
  </suite> <!-- Command line suite -->
</testng-results>
